[2010-10-09 01:07:22             ::1                   Asia/Kolkata] 2002   $$$No connection could be made because the target machine actively refused it.
$$$

[2014-10-17 01:26:15             ::1                   Asia/Kolkata] 0      $$$$$$

[2014-10-17 01:28:02             ::1                   Asia/Kolkata] 0      $$$Could not bind values to the query$$$

[2014-10-17 01:29:11             ::1                   Asia/Kolkata] 0      $$$Could not bind values to the query$$$

[2014-10-17 01:29:12             ::1                   Asia/Kolkata] 0      $$$Could not bind values to the query$$$

[2014-10-17 01:29:13             ::1                   Asia/Kolkata] 0      $$$Could not bind values to the query$$$

[2014-10-17 01:29:25             ::1                   Asia/Kolkata] 0      $$$Could not bind values to the query$$$

[2014-10-17 01:32:38             ::1                   Asia/Kolkata] 0      $$$$$$

[2014-10-17 22:42:45             ::1                   Asia/Kolkata] 2002   $$$No connection could be made because the target machine actively refused it.
$$$

[2014-10-18 10:40:35             ::1                   Asia/Kolkata] 1045   $$$Access denied for user 'root'@'localhost' (using password: YES)$$$

[2014-10-18 10:40:41             ::1                   Asia/Kolkata] 1045   $$$Access denied for user 'root'@'localhost' (using password: YES)$$$

[2014-10-18 10:41:07             ::1                   Asia/Kolkata] 1045   $$$Access denied for user 'root'@'localhost' (using password: YES)$$$

[2014-10-18 10:41:07             ::1                   Asia/Kolkata] 1045   $$$Access denied for user 'root'@'localhost' (using password: YES)$$$

[2014-10-18 10:41:07             ::1                   Asia/Kolkata] 1045   $$$Access denied for user 'root'@'localhost' (using password: YES)$$$

[2014-10-18 10:41:07             ::1                   Asia/Kolkata] 1045   $$$Access denied for user 'root'@'localhost' (using password: YES)$$$

[2014-10-18 10:41:08             ::1                   Asia/Kolkata] 1045   $$$Access denied for user 'root'@'localhost' (using password: YES)$$$

[2014-10-18 10:41:08             ::1                   Asia/Kolkata] 1045   $$$Access denied for user 'root'@'localhost' (using password: YES)$$$

[2014-10-18 10:41:08             ::1                   Asia/Kolkata] 1045   $$$Access denied for user 'root'@'localhost' (using password: YES)$$$

[2014-10-18 10:41:08             ::1                   Asia/Kolkata] 1045   $$$Access denied for user 'root'@'localhost' (using password: YES)$$$

[2014-10-18 10:41:09             ::1                   Asia/Kolkata] 1045   $$$Access denied for user 'root'@'localhost' (using password: YES)$$$

[2014-10-18 10:41:13             ::1                   Asia/Kolkata] 1045   $$$Access denied for user 'root'@'localhost' (using password: YES)$$$

[2014-10-18 10:41:19             ::1                   Asia/Kolkata] 1045   $$$Access denied for user 'root'@'localhost' (using password: YES)$$$

[2014-10-18 10:41:41             ::1                   Asia/Kolkata] 1045   $$$Access denied for user 'root'@'localhost' (using password: YES)$$$

[2014-10-18 10:46:17             ::1                   Asia/Kolkata] 1045   $$$Access denied for user 'root'@'localhost' (using password: YES)$$$

[2014-10-18 10:47:22             ::1                   Asia/Kolkata] 1045   $$$Access denied for user 'root'@'localhost' (using password: YES)$$$

[2014-10-18 10:47:26             ::1                   Asia/Kolkata] 1045   $$$Access denied for user 'root'@'localhost' (using password: YES)$$$

[2014-10-18 10:47:27             ::1                   Asia/Kolkata] 1045   $$$Access denied for user 'root'@'localhost' (using password: YES)$$$

[2014-10-18 10:47:27             ::1                   Asia/Kolkata] 1045   $$$Access denied for user 'root'@'localhost' (using password: YES)$$$

[2014-10-18 10:48:23             ::1                   Asia/Kolkata] 1045   $$$Access denied for user 'root'@'localhost' (using password: YES)$$$

[2014-10-18 10:48:32             ::1                   Asia/Kolkata] 1045   $$$Access denied for user 'root'@'localhost' (using password: YES)$$$

[2014-10-18 10:48:39             ::1                   Asia/Kolkata] 1045   $$$Access denied for user 'root'@'localhost' (using password: YES)$$$

[2014-10-18 10:48:39             ::1                   Asia/Kolkata] 1045   $$$Access denied for user 'root'@'localhost' (using password: YES)$$$

[2014-10-18 10:48:40             ::1                   Asia/Kolkata] 1045   $$$Access denied for user 'root'@'localhost' (using password: YES)$$$

[2014-10-18 10:48:40             ::1                   Asia/Kolkata] 1045   $$$Access denied for user 'root'@'localhost' (using password: YES)$$$

[2014-10-18 10:48:40             ::1                   Asia/Kolkata] 1045   $$$Access denied for user 'root'@'localhost' (using password: YES)$$$

[2014-10-18 10:48:40             ::1                   Asia/Kolkata] 1045   $$$Access denied for user 'root'@'localhost' (using password: YES)$$$

[2014-10-18 10:48:40             ::1                   Asia/Kolkata] 1045   $$$Access denied for user 'root'@'localhost' (using password: YES)$$$

[2014-10-18 10:51:43             ::1                   Asia/Kolkata] 1045   $$$Access denied for user 'root'@'localhost' (using password: YES)$$$

[2014-10-18 10:52:12             ::1                   Asia/Kolkata] 1045   $$$Access denied for user 'root'@'localhost' (using password: YES)$$$

[2014-10-18 10:52:20             ::1                   Asia/Kolkata] 1045   $$$Access denied for user 'root'@'localhost' (using password: YES)$$$

[2014-10-18 10:52:27             ::1                   Asia/Kolkata] 1045   $$$Access denied for user 'root'@'localhost' (using password: YES)$$$

[2014-10-18 10:52:27             ::1                   Asia/Kolkata] 1045   $$$Access denied for user 'root'@'localhost' (using password: YES)$$$

[2014-10-18 10:52:27             ::1                   Asia/Kolkata] 1045   $$$Access denied for user 'root'@'localhost' (using password: YES)$$$

[2014-10-18 10:52:27             ::1                   Asia/Kolkata] 1045   $$$Access denied for user 'root'@'localhost' (using password: YES)$$$

[2014-10-18 10:52:28             ::1                   Asia/Kolkata] 1045   $$$Access denied for user 'root'@'localhost' (using password: YES)$$$

[2014-10-18 10:52:28             ::1                   Asia/Kolkata] 1045   $$$Access denied for user 'root'@'localhost' (using password: YES)$$$

[2014-10-18 10:53:36             ::1                   Asia/Kolkata] 1045   $$$Access denied for user 'root'@'localhost' (using password: YES)$$$

[2014-10-18 10:53:52             ::1                   Asia/Kolkata] 1045   $$$Access denied for user 'root'@'localhost' (using password: YES)$$$

[2014-10-18 10:54:19             ::1                   Asia/Kolkata] 1045   $$$Access denied for user 'root'@'localhost' (using password: YES)$$$

[2014-10-18 10:54:54             ::1                   Asia/Kolkata] 1045   $$$Access denied for user 'root'@'localhost' (using password: YES)$$$

