[2014-10-22 16:47:27       127.0.0.1                   Asia/Kolkata] 1065   $$$Query was empty$$$

[2014-10-24 11:51:39       127.0.0.1                   Asia/Kolkata] 0      $$$$$$

[2014-11-29 21:42:34       127.0.0.1                   Asia/Kolkata] 0      $$$$$$

[2014-11-30 15:14:58       127.0.0.1                   Asia/Kolkata] 1054   $$$Unknown column 'eventDuration' in 'field list'$$$

[2014-11-30 15:17:49       127.0.0.1                   Asia/Kolkata] 1054   $$$Unknown column 'status' in 'field list'$$$

[2014-12-01 10:22:10       127.0.0.1                   Asia/Kolkata] 1064   $$$You have an error in your SQL syntax; check the manual that corresponds to your MySQL server version for the right syntax to use near 'REGEX ?' at line 1$$$

[2014-12-01 10:22:39       127.0.0.1                   Asia/Kolkata] 1064   $$$You have an error in your SQL syntax; check the manual that corresponds to your MySQL server version for the right syntax to use near '0' at line 1$$$

[2014-12-01 10:23:57       127.0.0.1                   Asia/Kolkata] 1064   $$$You have an error in your SQL syntax; check the manual that corresponds to your MySQL server version for the right syntax to use near '0' at line 1$$$

[2014-12-01 10:25:42       127.0.0.1                   Asia/Kolkata] 1064   $$$You have an error in your SQL syntax; check the manual that corresponds to your MySQL server version for the right syntax to use near 'REGEX ? AND postIdHash!=? AND hiddenTo NOT LIKE ?) OR userId=? ORDER BY eventDat' at line 1$$$

[2014-12-01 10:29:40       127.0.0.1                   Asia/Kolkata] 1064   $$$You have an error in your SQL syntax; check the manual that corresponds to your MySQL server version for the right syntax to use near 'REGEX ? AND postIdHash!=? AND hiddenTo NOT LIKE ?) OR userId=? ORDER BY eventDat' at line 1$$$

[2014-12-01 11:03:36       127.0.0.1                   Asia/Kolkata] 1064   $$$You have an error in your SQL syntax; check the manual that corresponds to your MySQL server version for the right syntax to use near 'REGEX ? ) OR userId=? ORDER BY eventDate,eventTime' at line 1$$$

[2014-12-01 11:05:37       127.0.0.1                   Asia/Kolkata] 1064   $$$You have an error in your SQL syntax; check the manual that corresponds to your MySQL server version for the right syntax to use near 'REGEX ? ) OR userId=? ORDER BY eventDate,eventTime' at line 1$$$

[2014-12-01 11:07:44       127.0.0.1                   Asia/Kolkata] 1064   $$$You have an error in your SQL syntax; check the manual that corresponds to your MySQL server version for the right syntax to use near 'REGEX ? ) OR userId=? ORDER BY eventDate,eventTime' at line 1$$$

[2014-12-01 11:10:22       127.0.0.1                   Asia/Kolkata] 1064   $$$You have an error in your SQL syntax; check the manual that corresponds to your MySQL server version for the right syntax to use near 'REGEX (,(12|COE|B|COE12|COEB|12B|COE12B),?)|(^(12|COE|B|COE12|COEB|12B|COE12B),?' at line 1$$$

[2014-12-01 11:11:02       127.0.0.1                   Asia/Kolkata] 1064   $$$You have an error in your SQL syntax; check the manual that corresponds to your MySQL server version for the right syntax to use near 'REGEX '(,(12|COE|B|COE12|COEB|12B|COE12B),?)|(^(12|COE|B|COE12|COEB|12B|COE12B),' at line 1$$$

[2014-12-01 12:20:11             ::1                   Asia/Kolkata] 0      $$$$$$

[2014-12-04 12:59:03       127.0.0.1                   Asia/Kolkata] 1054   $$$Unknown column 'postIdHash' in 'where clause'$$$

[2014-12-04 13:01:29       127.0.0.1                   Asia/Kolkata] 1054   $$$Unknown column 'postIdHash' in 'where clause'$$$

[2014-12-04 19:22:04             ::1                   Asia/Kolkata] 0      $$$Could not bind values to the query$$$

[2014-12-04 19:22:15             ::1                   Asia/Kolkata] 0      $$$Could not bind values to the query$$$

[2014-12-04 19:42:28             ::1                   Asia/Kolkata] 1064   $$$You have an error in your SQL syntax; check the manual that corresponds to your MySQL server version for the right syntax to use near ') OR userId=?)  AND (eventDate>= ? AND eventTime> ?) ORDER BY eventDate,eventTim' at line 1$$$

[2014-12-04 19:43:54             ::1                   Asia/Kolkata] 1064   $$$You have an error in your SQL syntax; check the manual that corresponds to your MySQL server version for the right syntax to use near 'OR userId=?)  AND (eventDate>= ? AND eventTime> ?) ORDER BY eventDate,eventTime' at line 1$$$

[2014-12-04 19:44:49             ::1                   Asia/Kolkata] 1064   $$$You have an error in your SQL syntax; check the manual that corresponds to your MySQL server version for the right syntax to use near ') OR userId=?)  AND (eventDate<= ? AND eventTime< ?) ORDER BY eventDate,eventTim' at line 1$$$

[2014-12-04 19:46:49             ::1                   Asia/Kolkata] 1064   $$$You have an error in your SQL syntax; check the manual that corresponds to your MySQL server version for the right syntax to use near ') OR userId=?)  AND (eventDate<= ? AND eventTime< ?) ORDER BY eventDate,eventTim' at line 1$$$

[2014-12-04 19:46:57             ::1                   Asia/Kolkata] 1064   $$$You have an error in your SQL syntax; check the manual that corresponds to your MySQL server version for the right syntax to use near ') OR userId=?)  AND (eventDate<= ? AND eventTime< ?) ORDER BY eventDate,eventTim' at line 1$$$

[2014-12-04 19:47:45             ::1                   Asia/Kolkata] 1064   $$$You have an error in your SQL syntax; check the manual that corresponds to your MySQL server version for the right syntax to use near ') OR userId=?)  AND (eventDate<= ? AND eventTime< ?) ORDER BY eventDate,eventTim' at line 1$$$

[2014-12-05 10:40:31       127.0.0.1                   Asia/Kolkata] 1064   $$$You have an error in your SQL syntax; check the manual that corresponds to your MySQL server version for the right syntax to use near ') OR userId=?)  AND (eventDate>= ? AND eventTime> ?) ORDER BY timestamp' at line 1$$$

[2014-12-05 10:42:35       127.0.0.1                   Asia/Kolkata] 1064   $$$You have an error in your SQL syntax; check the manual that corresponds to your MySQL server version for the right syntax to use near ') OR userId=?)  AND (eventDate>= ? AND eventTime> ?) ORDER BY eventDate,eventTim' at line 1$$$

[2014-12-05 10:44:50       127.0.0.1                   Asia/Kolkata] 1064   $$$You have an error in your SQL syntax; check the manual that corresponds to your MySQL server version for the right syntax to use near ') OR userId=?)  AND (eventDate>= ? AND eventTime> ?) ORDER BY timestamp' at line 1$$$

[2014-12-05 10:45:53       127.0.0.1                   Asia/Kolkata] 1064   $$$You have an error in your SQL syntax; check the manual that corresponds to your MySQL server version for the right syntax to use near ') OR userId=?)  AND (eventDate>= ? AND eventTime> ?) ORDER BY timestamp' at line 1$$$

[2014-12-05 10:48:41       127.0.0.1                   Asia/Kolkata] 1064   $$$You have an error in your SQL syntax; check the manual that corresponds to your MySQL server version for the right syntax to use near ') OR userId=?)  AND (eventDate>= ? AND eventTime> ?) ORDER BY timestamp' at line 1$$$

[2014-12-05 10:51:36       127.0.0.1                   Asia/Kolkata] 1064   $$$You have an error in your SQL syntax; check the manual that corresponds to your MySQL server version for the right syntax to use near ') OR userId=?)  AND (eventDate>= ? AND eventTime> ?) ORDER BY eventDate,eventTim' at line 1$$$

[2014-12-05 15:51:49       127.0.0.1                   Asia/Kolkata] 1064   $$$You have an error in your SQL syntax; check the manual that corresponds to your MySQL server version for the right syntax to use near 'eventStatus = ? WHERE eventIdHash=?' at line 1$$$

[2015-01-19 17:40:58             ::1                   Asia/Kolkata] 1052   $$$Column 'userId' in where clause is ambiguous$$$

[2015-01-19 17:41:13             ::1                   Asia/Kolkata] 1052   $$$Column 'userId' in where clause is ambiguous$$$

[2015-01-19 17:41:25             ::1                   Asia/Kolkata] 1052   $$$Column 'userId' in where clause is ambiguous$$$

[2015-01-19 17:44:41             ::1                   Asia/Kolkata] 1052   $$$Column 'userId' in where clause is ambiguous$$$

[2015-01-19 17:44:43             ::1                   Asia/Kolkata] 1052   $$$Column 'userId' in where clause is ambiguous$$$

[2015-01-19 17:44:45             ::1                   Asia/Kolkata] 1064   $$$You have an error in your SQL syntax; check the manual that corresponds to your MySQL server version for the right syntax to use near 'ORDER BY eventDate,eventTime' at line 1$$$

[2015-01-19 17:44:50             ::1                   Asia/Kolkata] 1052   $$$Column 'userId' in where clause is ambiguous$$$

[2015-01-19 17:44:52             ::1                   Asia/Kolkata] 1064   $$$You have an error in your SQL syntax; check the manual that corresponds to your MySQL server version for the right syntax to use near 'ORDER BY eventDate,eventTime' at line 1$$$

[2015-01-19 17:44:56             ::1                   Asia/Kolkata] 1064   $$$You have an error in your SQL syntax; check the manual that corresponds to your MySQL server version for the right syntax to use near 'ORDER BY eventDate,eventTime' at line 1$$$

[2015-01-19 17:45:01             ::1                   Asia/Kolkata] 1052   $$$Column 'userId' in where clause is ambiguous$$$

[2015-01-19 17:46:53             ::1                   Asia/Kolkata] 1052   $$$Column 'userId' in where clause is ambiguous$$$

[2015-01-19 17:55:46             ::1                   Asia/Kolkata] 1052   $$$Column 'userId' in where clause is ambiguous$$$

[2015-01-19 17:55:49             ::1                   Asia/Kolkata] 1064   $$$You have an error in your SQL syntax; check the manual that corresponds to your MySQL server version for the right syntax to use near 'ORDER BY eventDate,eventTime' at line 1$$$

[2015-01-19 17:55:51             ::1                   Asia/Kolkata] 1064   $$$You have an error in your SQL syntax; check the manual that corresponds to your MySQL server version for the right syntax to use near 'ORDER BY eventDate,eventTime' at line 1$$$

[2015-01-19 18:23:39             ::1                   Asia/Kolkata] 1052   $$$Column 'userId' in where clause is ambiguous$$$

[2015-01-19 18:35:52             ::1                   Asia/Kolkata] 1052   $$$Column 'userId' in where clause is ambiguous$$$

[2015-01-19 18:56:08             ::1                   Asia/Kolkata] 1064   $$$You have an error in your SQL syntax; check the manual that corresponds to your MySQL server version for the right syntax to use near 'ORDER BY eventDate,eventTime' at line 1$$$

[2015-01-19 18:56:55             ::1                   Asia/Kolkata] 1064   $$$You have an error in your SQL syntax; check the manual that corresponds to your MySQL server version for the right syntax to use near 'ORDER BY eventDate,eventTime' at line 1$$$

[2015-01-19 18:56:57             ::1                   Asia/Kolkata] 1064   $$$You have an error in your SQL syntax; check the manual that corresponds to your MySQL server version for the right syntax to use near 'ORDER BY eventDate,eventTime' at line 1$$$

[2015-01-19 21:30:44             ::1                   Asia/Kolkata] 1064   $$$You have an error in your SQL syntax; check the manual that corresponds to your MySQL server version for the right syntax to use near 'AND event.eventIdHash!=?  ORDER BY timestamp DESC' at line 1$$$

[2015-01-19 21:30:50             ::1                   Asia/Kolkata] 1064   $$$You have an error in your SQL syntax; check the manual that corresponds to your MySQL server version for the right syntax to use near 'AND event.eventIdHash!=?  ORDER BY timestamp DESC' at line 1$$$

[2015-01-19 21:32:28             ::1                   Asia/Kolkata] 1064   $$$You have an error in your SQL syntax; check the manual that corresponds to your MySQL server version for the right syntax to use near 'AND event.eventIdHash!=?  ORDER BY timestamp DESC' at line 1$$$

[2015-01-19 21:32:35             ::1                   Asia/Kolkata] 1064   $$$You have an error in your SQL syntax; check the manual that corresponds to your MySQL server version for the right syntax to use near 'AND event.eventIdHash!=?  ORDER BY timestamp DESC' at line 1$$$

[2015-01-19 23:20:00             ::1                   Asia/Kolkata] 1064   $$$You have an error in your SQL syntax; check the manual that corresponds to your MySQL server version for the right syntax to use near 'AND event.eventIdHash!=?  ORDER BY timestamp DESC' at line 1$$$

[2015-01-19 23:21:44             ::1                   Asia/Kolkata] 1064   $$$You have an error in your SQL syntax; check the manual that corresponds to your MySQL server version for the right syntax to use near 'AND event.eventIdHash!=?  ORDER BY timestamp DESC' at line 1$$$

[2015-01-19 23:21:57             ::1                   Asia/Kolkata] 1064   $$$You have an error in your SQL syntax; check the manual that corresponds to your MySQL server version for the right syntax to use near 'AND event.eventIdHash!=?  ORDER BY timestamp DESC' at line 1$$$

[2015-01-19 23:22:10             ::1                   Asia/Kolkata] 1064   $$$You have an error in your SQL syntax; check the manual that corresponds to your MySQL server version for the right syntax to use near 'AND event.eventIdHash!=?  ORDER BY timestamp DESC' at line 1$$$

[2015-01-19 23:22:23             ::1                   Asia/Kolkata] 1064   $$$You have an error in your SQL syntax; check the manual that corresponds to your MySQL server version for the right syntax to use near 'AND event.eventIdHash!=?  ORDER BY timestamp DESC' at line 1$$$

[2015-01-19 23:23:00             ::1                   Asia/Kolkata] 1064   $$$You have an error in your SQL syntax; check the manual that corresponds to your MySQL server version for the right syntax to use near 'AND event.eventIdHash!=?  ORDER BY timestamp DESC' at line 1$$$

[2015-01-19 23:23:32             ::1                   Asia/Kolkata] 1064   $$$You have an error in your SQL syntax; check the manual that corresponds to your MySQL server version for the right syntax to use near 'AND event.eventIdHash!=?  ORDER BY timestamp DESC' at line 1$$$

[2015-01-19 23:27:56             ::1                   Asia/Kolkata] 1064   $$$You have an error in your SQL syntax; check the manual that corresponds to your MySQL server version for the right syntax to use near 'AND event.eventIdHash!=? ORDER BY timestamp DESC' at line 1$$$

[2015-01-19 23:28:19             ::1                   Asia/Kolkata] 1064   $$$You have an error in your SQL syntax; check the manual that corresponds to your MySQL server version for the right syntax to use near 'AND event.eventIdHash!=? ORDER BY timestamp DESC' at line 1$$$

[2015-01-19 23:28:39             ::1                   Asia/Kolkata] 1064   $$$You have an error in your SQL syntax; check the manual that corresponds to your MySQL server version for the right syntax to use near 'AND event.eventIdHash!=? ORDER BY timestamp DESC' at line 1$$$

[2015-01-19 23:28:58             ::1                   Asia/Kolkata] 1064   $$$You have an error in your SQL syntax; check the manual that corresponds to your MySQL server version for the right syntax to use near 'AND event.eventIdHash!=? ORDER BY timestamp DESC' at line 1$$$

[2015-01-19 23:33:44             ::1                   Asia/Kolkata] 1064   $$$You have an error in your SQL syntax; check the manual that corresponds to your MySQL server version for the right syntax to use near 'AND event.eventIdHash!=? ORDER BY timestamp DESC' at line 1$$$

[2015-01-28 19:28:38             ::1                   Asia/Kolkata] 1146   $$$Table 'iiitdmstudentsportal.event' doesn't exist$$$

[2015-01-28 19:28:50             ::1                   Asia/Kolkata] 1146   $$$Table 'iiitdmstudentsportal.event' doesn't exist$$$

[2015-01-28 22:14:25             ::1                   Asia/Kolkata] 1146   $$$Table 'iiitdmstudentsportal.event' doesn't exist$$$

[2015-01-28 22:14:35             ::1                   Asia/Kolkata] 1146   $$$Table 'iiitdmstudentsportal.event' doesn't exist$$$

[2015-01-29 11:42:25             ::1                   Asia/Kolkata] 1146   $$$Table 'iiitdmstudentsportal.event' doesn't exist$$$

[2015-01-29 13:03:19             ::1                   Asia/Kolkata] 1146   $$$Table 'iiitdmstudentsportal.event' doesn't exist$$$

[2015-01-29 13:03:25             ::1                   Asia/Kolkata] 1146   $$$Table 'iiitdmstudentsportal.event' doesn't exist$$$

