[2014-12-06 23:12:39       127.0.0.1                   Asia/Kolkata] 0      $$$$$$

[2014-12-06 23:15:22       127.0.0.1                   Asia/Kolkata] 0      $$$$$$

[2014-12-06 23:23:15       127.0.0.1                   Asia/Kolkata] 0      $$$$$$

[2014-12-07 00:00:24       127.0.0.1                   Asia/Kolkata] 1064   $$$You have an error in your SQL syntax; check the manual that corresponds to your MySQL server version for the right syntax to use near 'ON poll.userId=users.userId WHERE ((sharedWith REGEXP ?) OR userId=?) ORDER BY t' at line 1$$$

[2014-12-07 00:01:52       127.0.0.1                   Asia/Kolkata] 1064   $$$You have an error in your SQL syntax; check the manual that corresponds to your MySQL server version for the right syntax to use near 'ON poll.userId=users.userId WHERE (sharedWith REGEXP ?) OR userId=?) ORDER BY ti' at line 1$$$

[2014-12-07 00:03:16       127.0.0.1                   Asia/Kolkata] 1064   $$$You have an error in your SQL syntax; check the manual that corresponds to your MySQL server version for the right syntax to use near ') ORDER BY timestamp DESC' at line 1$$$

[2014-12-07 00:03:53       127.0.0.1                   Asia/Kolkata] 1052   $$$Column 'userId' in where clause is ambiguous$$$

[2014-12-07 00:04:39       127.0.0.1                   Asia/Kolkata] 1052   $$$Column 'userId' in where clause is ambiguous$$$

[2014-12-07 00:05:07       127.0.0.1                   Asia/Kolkata] 0      $$$Could not bind values to the query$$$

[2014-12-07 00:17:58       127.0.0.1                   Asia/Kolkata] 0      $$$Could not bind values to the query$$$

[2015-01-04 19:00:04       127.0.0.1                   Asia/Kolkata] 0      $$$Could not bind values to the query$$$

[2015-01-04 19:20:50       127.0.0.1                   Asia/Kolkata] 1064   $$$You have an error in your SQL syntax; check the manual that corresponds to your MySQL server version for the right syntax to use near 'WHERE pollIdHash= ?' at line 1$$$

[2015-01-19 18:14:31             ::1                   Asia/Kolkata] 1064   $$$You have an error in your SQL syntax; check the manual that corresponds to your MySQL server version for the right syntax to use near 'AND pollIdHash!=? ORDER BY timestamp DESC' at line 1$$$

[2015-02-18 21:34:58     172.17.3.72                   Asia/Kolkata] 1045   $$$Access denied for user 'root'@'localhost' (using password: YES)$$$

[2015-02-18 21:35:02             ::1                   Asia/Kolkata] 1045   $$$Access denied for user 'root'@'localhost' (using password: YES)$$$

[2015-02-18 21:35:08     172.17.3.72                   Asia/Kolkata] 1045   $$$Access denied for user 'root'@'localhost' (using password: YES)$$$

[2015-02-18 21:35:12             ::1                   Asia/Kolkata] 1045   $$$Access denied for user 'root'@'localhost' (using password: YES)$$$

[2015-02-18 21:35:18     172.17.3.72                   Asia/Kolkata] 1045   $$$Access denied for user 'root'@'localhost' (using password: YES)$$$

[2015-02-18 21:35:22             ::1                   Asia/Kolkata] 1045   $$$Access denied for user 'root'@'localhost' (using password: YES)$$$

[2015-02-18 22:10:41             ::1                   Asia/Kolkata] 1045   $$$Access denied for user 'root'@'localhost' (using password: YES)$$$

[2015-02-18 22:10:51             ::1                   Asia/Kolkata] 1045   $$$Access denied for user 'root'@'localhost' (using password: YES)$$$

[2015-02-18 22:11:01             ::1                   Asia/Kolkata] 1045   $$$Access denied for user 'root'@'localhost' (using password: YES)$$$

[2015-02-18 22:11:11             ::1                   Asia/Kolkata] 1045   $$$Access denied for user 'root'@'localhost' (using password: YES)$$$

[2015-02-18 22:11:21             ::1                   Asia/Kolkata] 1045   $$$Access denied for user 'root'@'localhost' (using password: YES)$$$

[2015-02-18 22:11:32             ::1                   Asia/Kolkata] 1045   $$$Access denied for user 'root'@'localhost' (using password: YES)$$$

[2015-02-18 22:11:42             ::1                   Asia/Kolkata] 1045   $$$Access denied for user 'root'@'localhost' (using password: YES)$$$

[2015-02-18 22:11:52             ::1                   Asia/Kolkata] 1045   $$$Access denied for user 'root'@'localhost' (using password: YES)$$$

[2015-02-18 22:12:03             ::1                   Asia/Kolkata] 1045   $$$Access denied for user 'root'@'localhost' (using password: YES)$$$

[2015-02-18 22:12:13             ::1                   Asia/Kolkata] 1045   $$$Access denied for user 'root'@'localhost' (using password: YES)$$$

[2015-02-18 22:12:23             ::1                   Asia/Kolkata] 1045   $$$Access denied for user 'root'@'localhost' (using password: YES)$$$

[2015-02-18 22:12:33             ::1                   Asia/Kolkata] 1045   $$$Access denied for user 'root'@'localhost' (using password: YES)$$$

[2015-02-18 22:12:43             ::1                   Asia/Kolkata] 1045   $$$Access denied for user 'root'@'localhost' (using password: YES)$$$

[2015-02-18 22:12:53             ::1                   Asia/Kolkata] 1045   $$$Access denied for user 'root'@'localhost' (using password: YES)$$$

[2015-02-18 22:13:03             ::1                   Asia/Kolkata] 1045   $$$Access denied for user 'root'@'localhost' (using password: YES)$$$

[2015-02-18 22:13:13             ::1                   Asia/Kolkata] 1045   $$$Access denied for user 'root'@'localhost' (using password: YES)$$$

[2015-02-18 22:13:24             ::1                   Asia/Kolkata] 1045   $$$Access denied for user 'root'@'localhost' (using password: YES)$$$

[2015-02-18 22:13:34             ::1                   Asia/Kolkata] 1045   $$$Access denied for user 'root'@'localhost' (using password: YES)$$$

[2015-02-18 22:13:45             ::1                   Asia/Kolkata] 1045   $$$Access denied for user 'root'@'localhost' (using password: YES)$$$

[2015-02-18 22:13:55             ::1                   Asia/Kolkata] 1045   $$$Access denied for user 'root'@'localhost' (using password: YES)$$$

[2015-02-18 22:14:05             ::1                   Asia/Kolkata] 1045   $$$Access denied for user 'root'@'localhost' (using password: YES)$$$

[2015-02-18 22:14:15             ::1                   Asia/Kolkata] 1045   $$$Access denied for user 'root'@'localhost' (using password: YES)$$$

[2015-02-18 22:14:25             ::1                   Asia/Kolkata] 1045   $$$Access denied for user 'root'@'localhost' (using password: YES)$$$

[2015-02-18 22:14:35             ::1                   Asia/Kolkata] 1045   $$$Access denied for user 'root'@'localhost' (using password: YES)$$$

[2015-02-18 22:14:45             ::1                   Asia/Kolkata] 1045   $$$Access denied for user 'root'@'localhost' (using password: YES)$$$

[2015-02-18 22:14:55             ::1                   Asia/Kolkata] 1045   $$$Access denied for user 'root'@'localhost' (using password: YES)$$$

[2015-02-18 22:15:05             ::1                   Asia/Kolkata] 1045   $$$Access denied for user 'root'@'localhost' (using password: YES)$$$

[2015-02-18 22:15:15             ::1                   Asia/Kolkata] 1045   $$$Access denied for user 'root'@'localhost' (using password: YES)$$$

[2015-02-18 22:15:25             ::1                   Asia/Kolkata] 1045   $$$Access denied for user 'root'@'localhost' (using password: YES)$$$

[2015-02-18 22:15:35             ::1                   Asia/Kolkata] 1045   $$$Access denied for user 'root'@'localhost' (using password: YES)$$$

[2015-02-18 22:15:45             ::1                   Asia/Kolkata] 1045   $$$Access denied for user 'root'@'localhost' (using password: YES)$$$

[2015-02-18 22:15:55             ::1                   Asia/Kolkata] 1045   $$$Access denied for user 'root'@'localhost' (using password: YES)$$$

[2015-02-18 22:16:05             ::1                   Asia/Kolkata] 1045   $$$Access denied for user 'root'@'localhost' (using password: YES)$$$

[2015-02-18 22:16:15             ::1                   Asia/Kolkata] 1045   $$$Access denied for user 'root'@'localhost' (using password: YES)$$$

[2015-02-18 22:16:25             ::1                   Asia/Kolkata] 1045   $$$Access denied for user 'root'@'localhost' (using password: YES)$$$

[2015-02-18 22:16:35             ::1                   Asia/Kolkata] 1045   $$$Access denied for user 'root'@'localhost' (using password: YES)$$$

[2015-02-18 22:16:45             ::1                   Asia/Kolkata] 1045   $$$Access denied for user 'root'@'localhost' (using password: YES)$$$

[2015-02-18 22:16:55             ::1                   Asia/Kolkata] 1045   $$$Access denied for user 'root'@'localhost' (using password: YES)$$$

[2015-02-18 22:17:05             ::1                   Asia/Kolkata] 1045   $$$Access denied for user 'root'@'localhost' (using password: YES)$$$

[2015-02-18 22:17:15             ::1                   Asia/Kolkata] 1045   $$$Access denied for user 'root'@'localhost' (using password: YES)$$$

[2015-02-18 22:17:25             ::1                   Asia/Kolkata] 1045   $$$Access denied for user 'root'@'localhost' (using password: YES)$$$

[2015-02-18 22:17:35             ::1                   Asia/Kolkata] 1045   $$$Access denied for user 'root'@'localhost' (using password: YES)$$$

[2015-02-18 22:17:45             ::1                   Asia/Kolkata] 1045   $$$Access denied for user 'root'@'localhost' (using password: YES)$$$

[2015-02-18 22:17:55             ::1                   Asia/Kolkata] 1045   $$$Access denied for user 'root'@'localhost' (using password: YES)$$$

[2015-02-18 22:18:05             ::1                   Asia/Kolkata] 1045   $$$Access denied for user 'root'@'localhost' (using password: YES)$$$

[2015-02-18 22:18:15             ::1                   Asia/Kolkata] 1045   $$$Access denied for user 'root'@'localhost' (using password: YES)$$$

[2015-02-18 22:18:25             ::1                   Asia/Kolkata] 1045   $$$Access denied for user 'root'@'localhost' (using password: YES)$$$

[2015-02-18 22:18:35             ::1                   Asia/Kolkata] 1045   $$$Access denied for user 'root'@'localhost' (using password: YES)$$$

[2015-02-18 22:18:46             ::1                   Asia/Kolkata] 1045   $$$Access denied for user 'root'@'localhost' (using password: YES)$$$

[2015-02-18 22:18:57             ::1                   Asia/Kolkata] 1045   $$$Access denied for user 'root'@'localhost' (using password: YES)$$$

[2015-02-18 22:19:07             ::1                   Asia/Kolkata] 1045   $$$Access denied for user 'root'@'localhost' (using password: YES)$$$

[2015-02-18 22:19:17             ::1                   Asia/Kolkata] 1045   $$$Access denied for user 'root'@'localhost' (using password: YES)$$$

[2015-02-18 22:19:27             ::1                   Asia/Kolkata] 1045   $$$Access denied for user 'root'@'localhost' (using password: YES)$$$

[2015-02-18 22:19:37             ::1                   Asia/Kolkata] 1045   $$$Access denied for user 'root'@'localhost' (using password: YES)$$$

[2015-02-18 22:19:47             ::1                   Asia/Kolkata] 1045   $$$Access denied for user 'root'@'localhost' (using password: YES)$$$

[2015-02-18 22:19:57             ::1                   Asia/Kolkata] 1045   $$$Access denied for user 'root'@'localhost' (using password: YES)$$$

[2015-02-18 22:20:07             ::1                   Asia/Kolkata] 1045   $$$Access denied for user 'root'@'localhost' (using password: YES)$$$

[2015-02-18 22:20:17             ::1                   Asia/Kolkata] 1045   $$$Access denied for user 'root'@'localhost' (using password: YES)$$$

[2015-02-18 22:20:27             ::1                   Asia/Kolkata] 1045   $$$Access denied for user 'root'@'localhost' (using password: YES)$$$

[2015-02-18 22:20:37             ::1                   Asia/Kolkata] 1045   $$$Access denied for user 'root'@'localhost' (using password: YES)$$$

[2015-02-18 22:20:47             ::1                   Asia/Kolkata] 1045   $$$Access denied for user 'root'@'localhost' (using password: YES)$$$

[2015-02-18 22:20:58             ::1                   Asia/Kolkata] 1045   $$$Access denied for user 'root'@'localhost' (using password: YES)$$$

[2015-02-18 22:21:08             ::1                   Asia/Kolkata] 1045   $$$Access denied for user 'root'@'localhost' (using password: YES)$$$

[2015-02-18 22:21:18             ::1                   Asia/Kolkata] 1045   $$$Access denied for user 'root'@'localhost' (using password: YES)$$$

[2015-02-18 22:21:29             ::1                   Asia/Kolkata] 1045   $$$Access denied for user 'root'@'localhost' (using password: YES)$$$

[2015-02-18 22:21:40             ::1                   Asia/Kolkata] 1045   $$$Access denied for user 'root'@'localhost' (using password: YES)$$$

[2015-02-18 22:21:50             ::1                   Asia/Kolkata] 1045   $$$Access denied for user 'root'@'localhost' (using password: YES)$$$

[2015-02-18 22:22:00             ::1                   Asia/Kolkata] 1045   $$$Access denied for user 'root'@'localhost' (using password: YES)$$$

[2015-02-18 22:22:10             ::1                   Asia/Kolkata] 1045   $$$Access denied for user 'root'@'localhost' (using password: YES)$$$

[2015-02-18 22:22:20             ::1                   Asia/Kolkata] 1045   $$$Access denied for user 'root'@'localhost' (using password: YES)$$$

[2015-02-18 22:22:30             ::1                   Asia/Kolkata] 1045   $$$Access denied for user 'root'@'localhost' (using password: YES)$$$

[2015-02-18 22:22:40             ::1                   Asia/Kolkata] 1045   $$$Access denied for user 'root'@'localhost' (using password: YES)$$$

[2015-02-18 22:22:50             ::1                   Asia/Kolkata] 1045   $$$Access denied for user 'root'@'localhost' (using password: YES)$$$

