[2014-12-06 15:16:17             ::1                   Asia/Kolkata] 1191   $$$Can't find FULLTEXT index matching the column list$$$

[2014-12-06 15:16:18             ::1                   Asia/Kolkata] 1191   $$$Can't find FULLTEXT index matching the column list$$$

[2014-12-06 15:16:19             ::1                   Asia/Kolkata] 1191   $$$Can't find FULLTEXT index matching the column list$$$

[2014-12-06 15:16:19             ::1                   Asia/Kolkata] 1191   $$$Can't find FULLTEXT index matching the column list$$$

[2014-12-06 15:16:19             ::1                   Asia/Kolkata] 1191   $$$Can't find FULLTEXT index matching the column list$$$

[2014-12-06 15:16:19             ::1                   Asia/Kolkata] 1191   $$$Can't find FULLTEXT index matching the column list$$$

[2014-12-06 15:16:19             ::1                   Asia/Kolkata] 1191   $$$Can't find FULLTEXT index matching the column list$$$

[2014-12-06 15:16:19             ::1                   Asia/Kolkata] 1191   $$$Can't find FULLTEXT index matching the column list$$$

[2014-12-06 15:16:20             ::1                   Asia/Kolkata] 1191   $$$Can't find FULLTEXT index matching the column list$$$

[2014-12-06 15:16:20             ::1                   Asia/Kolkata] 1191   $$$Can't find FULLTEXT index matching the column list$$$

[2014-12-06 15:16:20             ::1                   Asia/Kolkata] 1191   $$$Can't find FULLTEXT index matching the column list$$$

[2014-12-06 15:16:20             ::1                   Asia/Kolkata] 1191   $$$Can't find FULLTEXT index matching the column list$$$

[2014-12-06 15:16:20             ::1                   Asia/Kolkata] 1191   $$$Can't find FULLTEXT index matching the column list$$$

[2014-12-06 15:16:20             ::1                   Asia/Kolkata] 1191   $$$Can't find FULLTEXT index matching the column list$$$

[2014-12-06 15:16:20             ::1                   Asia/Kolkata] 1191   $$$Can't find FULLTEXT index matching the column list$$$

[2014-12-06 15:16:20             ::1                   Asia/Kolkata] 1191   $$$Can't find FULLTEXT index matching the column list$$$

[2014-12-06 15:16:21             ::1                   Asia/Kolkata] 1191   $$$Can't find FULLTEXT index matching the column list$$$

[2014-12-06 15:16:22             ::1                   Asia/Kolkata] 1191   $$$Can't find FULLTEXT index matching the column list$$$

[2014-12-06 15:16:22             ::1                   Asia/Kolkata] 1191   $$$Can't find FULLTEXT index matching the column list$$$

[2014-12-06 15:16:22             ::1                   Asia/Kolkata] 1191   $$$Can't find FULLTEXT index matching the column list$$$

[2014-12-06 15:16:22             ::1                   Asia/Kolkata] 1191   $$$Can't find FULLTEXT index matching the column list$$$

[2014-12-06 15:16:22             ::1                   Asia/Kolkata] 1191   $$$Can't find FULLTEXT index matching the column list$$$

[2014-12-06 15:16:22             ::1                   Asia/Kolkata] 1191   $$$Can't find FULLTEXT index matching the column list$$$

[2014-12-06 15:16:22             ::1                   Asia/Kolkata] 1191   $$$Can't find FULLTEXT index matching the column list$$$

[2014-12-06 15:16:22             ::1                   Asia/Kolkata] 1191   $$$Can't find FULLTEXT index matching the column list$$$

[2014-12-06 15:16:22             ::1                   Asia/Kolkata] 1191   $$$Can't find FULLTEXT index matching the column list$$$

[2014-12-06 15:16:22             ::1                   Asia/Kolkata] 1191   $$$Can't find FULLTEXT index matching the column list$$$

[2014-12-06 15:16:22             ::1                   Asia/Kolkata] 1191   $$$Can't find FULLTEXT index matching the column list$$$

[2014-12-06 15:16:22             ::1                   Asia/Kolkata] 1191   $$$Can't find FULLTEXT index matching the column list$$$

[2014-12-06 15:16:22             ::1                   Asia/Kolkata] 1191   $$$Can't find FULLTEXT index matching the column list$$$

[2014-12-06 15:16:22             ::1                   Asia/Kolkata] 1191   $$$Can't find FULLTEXT index matching the column list$$$

[2014-12-06 15:16:22             ::1                   Asia/Kolkata] 1191   $$$Can't find FULLTEXT index matching the column list$$$

[2014-12-06 15:16:22             ::1                   Asia/Kolkata] 1191   $$$Can't find FULLTEXT index matching the column list$$$

[2014-12-06 15:16:27             ::1                   Asia/Kolkata] 1191   $$$Can't find FULLTEXT index matching the column list$$$

[2014-12-07 16:58:02             ::1                   Asia/Kolkata] 0      $$$Could not bind values to the query$$$

[2014-12-07 16:58:03             ::1                   Asia/Kolkata] 0      $$$Could not bind values to the query$$$

[2014-12-07 16:58:04             ::1                   Asia/Kolkata] 0      $$$Could not bind values to the query$$$

[2014-12-07 16:58:04             ::1                   Asia/Kolkata] 0      $$$Could not bind values to the query$$$

[2014-12-07 16:58:04             ::1                   Asia/Kolkata] 0      $$$Could not bind values to the query$$$

[2014-12-07 16:58:07             ::1                   Asia/Kolkata] 0      $$$Could not bind values to the query$$$

[2014-12-07 16:58:08             ::1                   Asia/Kolkata] 0      $$$Could not bind values to the query$$$

[2014-12-07 16:58:08             ::1                   Asia/Kolkata] 0      $$$Could not bind values to the query$$$

[2014-12-07 16:58:12             ::1                   Asia/Kolkata] 0      $$$Could not bind values to the query$$$

[2014-12-07 16:58:12             ::1                   Asia/Kolkata] 0      $$$Could not bind values to the query$$$

[2014-12-07 16:58:13             ::1                   Asia/Kolkata] 0      $$$Could not bind values to the query$$$

[2014-12-07 16:58:16             ::1                   Asia/Kolkata] 0      $$$Could not bind values to the query$$$

[2014-12-07 16:58:17             ::1                   Asia/Kolkata] 0      $$$Could not bind values to the query$$$

[2014-12-07 16:58:17             ::1                   Asia/Kolkata] 0      $$$Could not bind values to the query$$$

[2014-12-07 16:58:44             ::1                   Asia/Kolkata] 0      $$$Could not bind values to the query$$$

[2014-12-07 16:58:46             ::1                   Asia/Kolkata] 0      $$$Could not bind values to the query$$$

[2014-12-07 16:59:33             ::1                   Asia/Kolkata] 1064   $$$syntax error, unexpected $end, expecting FTS_TERM or FTS_NUMB or '*'$$$

[2014-12-07 16:59:38             ::1                   Asia/Kolkata] 1064   $$$syntax error, unexpected $end, expecting FTS_TERM or FTS_NUMB or '*'$$$

[2014-12-07 16:59:40             ::1                   Asia/Kolkata] 1064   $$$syntax error, unexpected $end, expecting FTS_TERM or FTS_NUMB or '*'$$$

[2014-12-22 17:37:31             ::1                   Asia/Kolkata] 0      $$$Could not bind values to the query$$$

[2014-12-22 21:28:15             ::1                   Asia/Kolkata] 0      $$$$$$

[2014-12-22 21:28:15             ::1                   Asia/Kolkata] 1191   $$$Can't find FULLTEXT index matching the column list$$$

[2014-12-22 21:28:15             ::1                   Asia/Kolkata] 1191   $$$Can't find FULLTEXT index matching the column list$$$

[2014-12-22 21:28:29             ::1                   Asia/Kolkata] 0      $$$$$$

[2014-12-22 21:28:29             ::1                   Asia/Kolkata] 1191   $$$Can't find FULLTEXT index matching the column list$$$

[2014-12-22 21:28:29             ::1                   Asia/Kolkata] 1191   $$$Can't find FULLTEXT index matching the column list$$$

[2014-12-22 21:28:29             ::1                   Asia/Kolkata] 0      $$$$$$

[2014-12-22 21:28:29             ::1                   Asia/Kolkata] 1191   $$$Can't find FULLTEXT index matching the column list$$$

[2014-12-22 21:28:29             ::1                   Asia/Kolkata] 1191   $$$Can't find FULLTEXT index matching the column list$$$

[2014-12-22 21:28:30             ::1                   Asia/Kolkata] 0      $$$$$$

[2014-12-22 21:28:30             ::1                   Asia/Kolkata] 1191   $$$Can't find FULLTEXT index matching the column list$$$

[2014-12-22 21:28:30             ::1                   Asia/Kolkata] 1191   $$$Can't find FULLTEXT index matching the column list$$$

[2014-12-22 21:28:30             ::1                   Asia/Kolkata] 0      $$$$$$

[2014-12-22 21:28:30             ::1                   Asia/Kolkata] 1191   $$$Can't find FULLTEXT index matching the column list$$$

[2014-12-22 21:28:30             ::1                   Asia/Kolkata] 1191   $$$Can't find FULLTEXT index matching the column list$$$

[2014-12-22 21:33:45             ::1                   Asia/Kolkata] 0      $$$$$$

[2014-12-22 21:33:45             ::1                   Asia/Kolkata] 1191   $$$Can't find FULLTEXT index matching the column list$$$

[2014-12-22 21:33:45             ::1                   Asia/Kolkata] 1191   $$$Can't find FULLTEXT index matching the column list$$$

[2014-12-22 21:33:54             ::1                   Asia/Kolkata] 0      $$$$$$

[2014-12-22 21:33:54             ::1                   Asia/Kolkata] 1191   $$$Can't find FULLTEXT index matching the column list$$$

[2014-12-22 21:33:54             ::1                   Asia/Kolkata] 1191   $$$Can't find FULLTEXT index matching the column list$$$

[2014-12-22 21:34:34             ::1                   Asia/Kolkata] 0      $$$$$$

[2014-12-22 21:34:34             ::1                   Asia/Kolkata] 1191   $$$Can't find FULLTEXT index matching the column list$$$

[2014-12-22 21:34:34             ::1                   Asia/Kolkata] 1191   $$$Can't find FULLTEXT index matching the column list$$$

[2015-01-01 22:27:18             ::1                   Asia/Kolkata] 1064   $$$syntax error, unexpected $end, expecting FTS_TERM or FTS_NUMB or '*'$$$

[2015-01-01 22:27:18             ::1                   Asia/Kolkata] 1064   $$$syntax error, unexpected $end, expecting FTS_TERM or FTS_NUMB or '*'$$$

[2015-01-01 22:27:19             ::1                   Asia/Kolkata] 1064   $$$syntax error, unexpected $end, expecting FTS_TERM or FTS_NUMB or '*'$$$

[2015-01-01 22:27:19             ::1                   Asia/Kolkata] 1064   $$$syntax error, unexpected $end, expecting FTS_TERM or FTS_NUMB or '*'$$$

[2015-01-07 17:19:00             ::1                   Asia/Kolkata] 0      $$$$$$

[2015-01-07 17:19:00             ::1                   Asia/Kolkata] 1191   $$$Can't find FULLTEXT index matching the column list$$$

[2015-01-07 17:19:00             ::1                   Asia/Kolkata] 1191   $$$Can't find FULLTEXT index matching the column list$$$

[2015-01-07 17:22:53             ::1                   Asia/Kolkata] 1191   $$$Can't find FULLTEXT index matching the column list$$$

[2015-01-07 17:22:53             ::1                   Asia/Kolkata] 1191   $$$Can't find FULLTEXT index matching the column list$$$

[2015-01-07 17:22:53             ::1                   Asia/Kolkata] 1191   $$$Can't find FULLTEXT index matching the column list$$$

[2015-01-07 17:22:53             ::1                   Asia/Kolkata] 1191   $$$Can't find FULLTEXT index matching the column list$$$

[2015-01-07 17:22:54             ::1                   Asia/Kolkata] 1191   $$$Can't find FULLTEXT index matching the column list$$$

[2015-01-07 17:25:25             ::1                   Asia/Kolkata] 1191   $$$Can't find FULLTEXT index matching the column list$$$

[2015-01-15 17:50:05             ::1                   Asia/Kolkata] 0      $$$$$$

[2015-01-15 17:50:05             ::1                   Asia/Kolkata] 1191   $$$Can't find FULLTEXT index matching the column list$$$

[2015-01-15 17:50:32             ::1                   Asia/Kolkata] 0      $$$$$$

[2015-01-15 17:50:32             ::1                   Asia/Kolkata] 1191   $$$Can't find FULLTEXT index matching the column list$$$

[2015-01-15 17:53:45             ::1                   Asia/Kolkata] 0      $$$$$$

[2015-01-15 17:53:45             ::1                   Asia/Kolkata] 1191   $$$Can't find FULLTEXT index matching the column list$$$

[2015-01-15 17:53:49             ::1                   Asia/Kolkata] 0      $$$$$$

[2015-01-15 17:53:49             ::1                   Asia/Kolkata] 1191   $$$Can't find FULLTEXT index matching the column list$$$

[2015-01-15 17:54:50             ::1                   Asia/Kolkata] 0      $$$$$$

[2015-01-15 17:54:58             ::1                   Asia/Kolkata] 0      $$$$$$

[2015-01-15 17:55:02             ::1                   Asia/Kolkata] 0      $$$$$$

[2015-01-15 17:55:02             ::1                   Asia/Kolkata] 0      $$$$$$

[2015-01-15 17:55:04             ::1                   Asia/Kolkata] 0      $$$$$$

[2015-01-15 17:55:06             ::1                   Asia/Kolkata] 0      $$$$$$

[2015-01-15 17:55:07             ::1                   Asia/Kolkata] 0      $$$$$$

[2015-01-15 17:55:07             ::1                   Asia/Kolkata] 0      $$$$$$

[2015-01-15 17:55:08             ::1                   Asia/Kolkata] 0      $$$$$$

[2015-01-15 17:55:40             ::1                   Asia/Kolkata] 0      $$$$$$

[2015-01-15 17:55:43             ::1                   Asia/Kolkata] 0      $$$$$$

[2015-01-15 17:55:44             ::1                   Asia/Kolkata] 0      $$$$$$

[2015-01-15 17:55:44             ::1                   Asia/Kolkata] 0      $$$$$$

[2015-01-15 17:56:05             ::1                   Asia/Kolkata] 0      $$$$$$

[2015-01-15 17:56:08             ::1                   Asia/Kolkata] 0      $$$$$$

[2015-01-15 17:56:10             ::1                   Asia/Kolkata] 0      $$$$$$

[2015-01-15 17:56:10             ::1                   Asia/Kolkata] 0      $$$$$$

[2015-01-15 17:56:26             ::1                   Asia/Kolkata] 0      $$$$$$

[2015-01-15 22:04:27             ::1                   Asia/Kolkata] 0      $$$$$$

[2015-01-15 22:04:27             ::1                   Asia/Kolkata] 0      $$$$$$

[2015-01-15 22:04:27             ::1                   Asia/Kolkata] 0      $$$$$$

[2015-01-15 22:04:27             ::1                   Asia/Kolkata] 0      $$$$$$

[2015-01-15 22:04:27             ::1                   Asia/Kolkata] 0      $$$$$$

[2015-01-15 22:04:27             ::1                   Asia/Kolkata] 0      $$$$$$

[2015-01-15 22:04:27             ::1                   Asia/Kolkata] 0      $$$$$$

[2015-01-15 22:04:51             ::1                   Asia/Kolkata] 0      $$$$$$

[2015-01-15 22:04:52             ::1                   Asia/Kolkata] 0      $$$$$$

[2015-01-15 22:05:00             ::1                   Asia/Kolkata] 0      $$$$$$

[2015-01-15 22:05:00             ::1                   Asia/Kolkata] 0      $$$$$$

[2015-01-15 22:06:16             ::1                   Asia/Kolkata] 0      $$$$$$

[2015-01-15 22:37:23       127.0.0.1                   Asia/Kolkata] 0      $$$$$$

[2015-01-15 22:37:23       127.0.0.1                   Asia/Kolkata] 0      $$$$$$

[2015-01-15 22:57:45       127.0.0.1                   Asia/Kolkata] 0      $$$$$$

[2015-01-15 22:57:50       127.0.0.1                   Asia/Kolkata] 0      $$$$$$

[2015-01-15 22:57:51       127.0.0.1                   Asia/Kolkata] 0      $$$$$$

[2015-01-15 22:57:52       127.0.0.1                   Asia/Kolkata] 0      $$$$$$

[2015-01-15 22:57:58       127.0.0.1                   Asia/Kolkata] 0      $$$$$$

[2015-01-15 22:58:06       127.0.0.1                   Asia/Kolkata] 0      $$$$$$

[2015-01-15 22:58:09       127.0.0.1                   Asia/Kolkata] 0      $$$$$$

[2015-01-16 00:34:25       127.0.0.1                   Asia/Kolkata] 0      $$$$$$

[2015-01-16 12:35:17             ::1                   Asia/Kolkata] 0      $$$$$$

[2015-01-16 12:35:18             ::1                   Asia/Kolkata] 0      $$$$$$

[2015-01-17 17:29:22       127.0.0.1                   Asia/Kolkata] 0      $$$$$$

[2015-01-17 17:29:23       127.0.0.1                   Asia/Kolkata] 0      $$$$$$

[2015-01-17 17:30:22       127.0.0.1                   Asia/Kolkata] 0      $$$$$$

[2015-01-17 17:30:23       127.0.0.1                   Asia/Kolkata] 0      $$$$$$

[2015-01-17 17:30:28       127.0.0.1                   Asia/Kolkata] 0      $$$$$$

[2015-01-17 17:30:28       127.0.0.1                   Asia/Kolkata] 0      $$$$$$

[2015-01-17 21:17:29             ::1                   Asia/Kolkata] 1146   $$$Table 'iiitdmstudentsportal.notifications' doesn't exist$$$

[2015-01-17 21:17:46             ::1                   Asia/Kolkata] 1146   $$$Table 'iiitdmstudentsportal.notifications' doesn't exist$$$

[2015-01-17 21:19:06             ::1                   Asia/Kolkata] 1146   $$$Table 'iiitdmstudentsportal.notifications' doesn't exist$$$

[2015-01-17 21:58:53             ::1                   Asia/Kolkata] 1146   $$$Table 'iiitdmstudentsportal.notifications' doesn't exist$$$

[2015-01-17 21:59:05             ::1                   Asia/Kolkata] 1146   $$$Table 'iiitdmstudentsportal.notifications' doesn't exist$$$

[2015-01-17 21:59:36             ::1                   Asia/Kolkata] 1146   $$$Table 'iiitdmstudentsportal.notifications' doesn't exist$$$

[2015-01-17 21:59:47             ::1                   Asia/Kolkata] 1146   $$$Table 'iiitdmstudentsportal.notifications' doesn't exist$$$

[2015-01-17 22:00:01             ::1                   Asia/Kolkata] 1146   $$$Table 'iiitdmstudentsportal.notifications' doesn't exist$$$

[2015-01-17 22:00:32             ::1                   Asia/Kolkata] 1146   $$$Table 'iiitdmstudentsportal.notifications' doesn't exist$$$

[2015-01-18 23:59:50      172.17.2.1                   Asia/Kolkata] 0      $$$$$$

[2015-01-18 23:59:53      172.17.2.1                   Asia/Kolkata] 0      $$$$$$

[2015-01-18 23:59:54      172.17.2.1                   Asia/Kolkata] 0      $$$$$$

[2015-01-18 23:59:54      172.17.2.1                   Asia/Kolkata] 0      $$$$$$

[2015-01-18 23:59:54      172.17.2.1                   Asia/Kolkata] 0      $$$$$$

[2015-01-18 23:59:54      172.17.2.1                   Asia/Kolkata] 0      $$$$$$

[2015-01-18 23:59:55      172.17.2.1                   Asia/Kolkata] 0      $$$$$$

[2015-01-18 23:59:55      172.17.2.1                   Asia/Kolkata] 0      $$$$$$

[2015-01-18 23:59:55      172.17.2.1                   Asia/Kolkata] 0      $$$$$$

[2015-01-18 23:59:55      172.17.2.1                   Asia/Kolkata] 0      $$$$$$

[2015-01-19 00:00:02      172.17.2.1                   Asia/Kolkata] 0      $$$$$$

[2015-01-19 00:00:02      172.17.2.1                   Asia/Kolkata] 0      $$$$$$

[2015-01-19 00:00:03      172.17.2.1                   Asia/Kolkata] 0      $$$$$$

[2015-01-19 00:00:05      172.17.2.1                   Asia/Kolkata] 0      $$$$$$

[2015-01-19 00:00:07      172.17.2.1                   Asia/Kolkata] 0      $$$$$$

[2015-01-19 00:00:07      172.17.2.1                   Asia/Kolkata] 0      $$$$$$

[2015-01-19 00:00:07      172.17.2.1                   Asia/Kolkata] 0      $$$$$$

[2015-01-19 00:00:11      172.17.2.1                   Asia/Kolkata] 0      $$$$$$

[2015-01-19 00:00:12      172.17.2.1                   Asia/Kolkata] 0      $$$$$$

[2015-01-19 00:00:12      172.17.2.1                   Asia/Kolkata] 0      $$$$$$

[2015-01-19 00:00:12      172.17.2.1                   Asia/Kolkata] 0      $$$$$$

[2015-01-19 00:00:13      172.17.2.1                   Asia/Kolkata] 0      $$$$$$

[2015-01-19 00:43:45             ::1                   Asia/Kolkata] 0      $$$$$$

[2015-01-19 13:26:57             ::1                   Asia/Kolkata] 1064   $$$You have an error in your SQL syntax; check the manual that corresponds to your MySQL server version for the right syntax to use near ') VALUES (?,?)' at line 1$$$

[2015-01-19 17:19:16             ::1                   Asia/Kolkata] 1064   $$$You have an error in your SQL syntax; check the manual that corresponds to your MySQL server version for the right syntax to use near '?OR notificationIdHash= ?OR notificationIdHash= ?OR notificationIdHash= ?OR noti' at line 1$$$

[2015-01-19 17:19:38             ::1                   Asia/Kolkata] 1064   $$$You have an error in your SQL syntax; check the manual that corresponds to your MySQL server version for the right syntax to use near '?OR notificationIdHash= ?OR notificationIdHash= ?OR notificationIdHash= ?OR noti' at line 1$$$

[2015-01-19 17:19:57             ::1                   Asia/Kolkata] 1064   $$$You have an error in your SQL syntax; check the manual that corresponds to your MySQL server version for the right syntax to use near '?OR notificationIdHash= ?OR notificationIdHash= ?OR notificationIdHash= ?OR noti' at line 1$$$

[2015-01-19 21:14:33             ::1                   Asia/Kolkata] 1064   $$$You have an error in your SQL syntax; check the manual that corresponds to your MySQL server version for the right syntax to use near ') VALUES (?,?)' at line 1$$$

