[2015-01-26 01:13:47       127.0.0.1                   Asia/Kolkata] 1054   $$$Unknown column 'about.work' in 'on clause'$$$

[2015-01-26 01:15:27       127.0.0.1                   Asia/Kolkata] 1054   $$$Unknown column 'about.work' in 'on clause'$$$

[2015-01-26 01:24:50       127.0.0.1                   Asia/Kolkata] 1054   $$$Unknown column 'about.work' in 'on clause'$$$

[2015-01-26 19:39:33       127.0.0.1                   Asia/Kolkata] 1146   $$$Table 'iiitdmstudentsportal.certifiedCourses' doesn't exist$$$

[2015-01-26 19:43:43       127.0.0.1                   Asia/Kolkata] 1054   $$$Unknown column 'userId' in 'where clause'$$$

[2015-01-26 22:14:02             ::1                   Asia/Kolkata] 1146   $$$Table 'iiitdmstudentsportal.experience' doesn't exist$$$

[2015-01-30 11:44:28             ::1                   Asia/Kolkata] 1054   $$$Unknown column 'isfeaturing' in 'field list'$$$

[2015-01-30 11:44:50             ::1                   Asia/Kolkata] 1054   $$$Unknown column 'start' in 'field list'$$$

[2015-01-30 11:46:17             ::1                   Asia/Kolkata] 1054   $$$Unknown column 'title' in 'field list'$$$

[2015-02-01 17:13:59             ::1                   Asia/Kolkata] 1054   $$$Unknown column 'start' in 'field list'$$$

[2015-02-01 17:14:59             ::1                   Asia/Kolkata] 1054   $$$Unknown column 'start' in 'field list'$$$

[2015-02-01 17:15:28             ::1                   Asia/Kolkata] 1054   $$$Unknown column 'start' in 'field list'$$$

[2015-02-01 17:16:03             ::1                   Asia/Kolkata] 1054   $$$Unknown column 'start' in 'field list'$$$

[2015-02-01 17:22:36             ::1                   Asia/Kolkata] 1054   $$$Unknown column 'start' in 'field list'$$$

[2015-02-01 17:23:12             ::1                   Asia/Kolkata] 1054   $$$Unknown column 'start' in 'field list'$$$

[2015-02-01 17:24:01             ::1                   Asia/Kolkata] 1054   $$$Unknown column 'start' in 'field list'$$$

[2015-02-06 13:26:29             ::1                   Asia/Kolkata]        $$$<b>Bind: </b> Bind array supplied must be a two dimensional associative array$$$

[2015-02-06 13:29:59             ::1                   Asia/Kolkata]        $$$<b>Bind: </b> Bind array supplied must be a two dimensional associative array$$$

[2015-02-09 00:00:35             ::1                   Asia/Kolkata] 1064   $$$You have an error in your SQL syntax; check the manual that corresponds to your MySQL server version for the right syntax to use near '*,'') FROM users LEFT JOIN about ON users.userId=about.userId LEFT JOIN experien' at line 1$$$

[2015-02-10 19:58:14             ::1                   Asia/Kolkata] 1136   $$$Column count doesn't match value count at row 1$$$

[2015-02-10 20:01:33             ::1                   Asia/Kolkata] 0      $$$Could not bind values to the query$$$

[2015-02-10 20:04:10             ::1                   Asia/Kolkata] 0      $$$Could not bind values to the query$$$

[2015-02-10 20:08:47             ::1                   Asia/Kolkata] 0      $$$Could not bind values to the query$$$

[2015-02-10 20:08:59             ::1                   Asia/Kolkata] 0      $$$Could not bind values to the query$$$

